<?xml version="1.0" encoding="UTF-8"?>
<!-- Generated by org.testng.reporters.JUnitXMLReporter -->
<testsuite ignored="0" hostname="DESKTOP-L6KRBIQ" failures="0" tests="3" name="Default test" time="36.217" errors="0" timestamp="2023-10-06T16:00:17 IST">
  <testcase classname="TestNG.DataProviders" name="demo" time="13.266"/>
  <testcase classname="TestNG.DataProviders" name="demo" time="10.984"/>
  <testcase classname="TestNG.DataProviders" name="demo" time="11.794"/>
</testsuite> <!-- Default test -->
