<?xml version="1.0" encoding="UTF-8"?>
<!-- Generated by org.testng.reporters.JUnitXMLReporter -->
<testsuite ignored="1" hostname="DESKTOP-L6KRBIQ" failures="0" tests="3" name="Test" time="0.188" errors="0" timestamp="2023-10-05T15:37:39 IST">
  <testcase classname="TestNG_Group.sample1" name="demo2" time="0.021"/>
  <testcase classname="TestNG_Group.sample2" name="demo3" time="0.004"/>
  <testcase classname="TestNG_Group.sample2" name="demo4" time="0.007"/>
  <testcase classname="TestNG_Group.sample1" name="demo1" time="0.0">
    <ignored/>
  </testcase> <!-- demo1 -->
</testsuite> <!-- Test -->
