<?xml version="1.0" encoding="UTF-8"?>
<testng-results ignored="0" total="3" passed="3" failed="0" skipped="0">
  <reporter-output>
  </reporter-output>
  <suite started-at="2023-10-06T15:59:40 IST" name="Default suite" finished-at="2023-10-06T16:00:17 IST" duration-ms="36217">
    <groups>
    </groups>
    <test started-at="2023-10-06T15:59:40 IST" name="Default test" finished-at="2023-10-06T16:00:17 IST" duration-ms="36217">
      <class name="TestNG.DataProviders">
        <test-method signature="demo(java.lang.String,java.lang.String)[pri:0, instance:TestNG.DataProviders@692f203f]" started-at="2023-10-06T15:59:40 IST" name="demo" data-provider="getData" finished-at="2023-10-06T15:59:54 IST" duration-ms="13266" status="PASS">
          <params>
            <param index="0">
              <value>
                <![CDATA[akhi]]>
              </value>
            </param>
            <param index="1">
              <value>
                <![CDATA[veeravalli]]>
              </value>
            </param>
          </params>
          <reporter-output>
          </reporter-output>
        </test-method> <!-- demo -->
        <test-method signature="demo(java.lang.String,java.lang.String)[pri:0, instance:TestNG.DataProviders@692f203f]" started-at="2023-10-06T15:59:54 IST" name="demo" data-provider="getData" finished-at="2023-10-06T16:00:05 IST" duration-ms="10984" status="PASS">
          <params>
            <param index="0">
              <value>
                <![CDATA[java]]>
              </value>
            </param>
            <param index="1">
              <value>
                <![CDATA[selenium]]>
              </value>
            </param>
          </params>
          <reporter-output>
          </reporter-output>
        </test-method> <!-- demo -->
        <test-method signature="demo(java.lang.String,java.lang.String)[pri:0, instance:TestNG.DataProviders@692f203f]" started-at="2023-10-06T16:00:05 IST" name="demo" data-provider="getData" finished-at="2023-10-06T16:00:17 IST" duration-ms="11794" status="PASS">
          <params>
            <param index="0">
              <value>
                <![CDATA[Qspider]]>
              </value>
            </param>
            <param index="1">
              <value>
                <![CDATA[trainer]]>
              </value>
            </param>
          </params>
          <reporter-output>
          </reporter-output>
        </test-method> <!-- demo -->
      </class> <!-- TestNG.DataProviders -->
    </test> <!-- Default test -->
  </suite> <!-- Default suite -->
</testng-results>
